{
  "RSpec": {
    "coverage": {
      "/Users/bencoyne/Projects/Week4/bookmarks_challenge/spec/bookmark_spec.rb": {
        "lines": [
          1,
          null,
          1,
          1,
          1,
          1,
          1,
          1,
          1,
          null,
          null,
          null
        ]
      },
      "/Users/bencoyne/Projects/Week4/bookmarks_challenge/lib/bookmark.rb": {
        "lines": [
          1,
          null,
          1,
          2,
          null,
          null,
          null,
          null,
          null
        ]
      },
      "/Users/bencoyne/Projects/Week4/bookmarks_challenge/spec/features/viewing_bookmarks_spec.rb": {
        "lines": [
          1,
          1,
          1,
          1,
          1,
          1,
          null,
          null
        ]
      }
    },
    "timestamp": 1641843835
  }
}
